Error[122]   C:\USERS\MUKHRIDZ\DESKTOP\MICRO PROJECT\CODE.ASM 1 : Illegal opcode (ran)
Error[122]   C:\USERS\MUKHRIDZ\DESKTOP\MICRO PROJECT\CODE.ASM 2 : Illegal opcode (buttonState)
Error[122]   C:\USERS\MUKHRIDZ\DESKTOP\MICRO PROJECT\CODE.ASM 3 : Illegal opcode (setup)
Error[108]   C:\USERS\MUKHRIDZ\DESKTOP\MICRO PROJECT\CODE.ASM 4 : Illegal character ({)
Warning[207] C:\USERS\MUKHRIDZ\DESKTOP\MICRO PROJECT\CODE.ASM 5 : Found label after column 1. (Serial.begin)
Error[108]   C:\USERS\MUKHRIDZ\DESKTOP\MICRO PROJECT\CODE.ASM 5 : Illegal character (()
Warning[207] C:\USERS\MUKHRIDZ\DESKTOP\MICRO PROJECT\CODE.ASM 6 : Found label after column 1. (pinMode)
Error[108]   C:\USERS\MUKHRIDZ\DESKTOP\MICRO PROJECT\CODE.ASM 6 : Illegal character (()
Warning[207] C:\USERS\MUKHRIDZ\DESKTOP\MICRO PROJECT\CODE.ASM 7 : Found label after column 1. (pinMode)
Error[108]   C:\USERS\MUKHRIDZ\DESKTOP\MICRO PROJECT\CODE.ASM 7 : Illegal character (()
Warning[207] C:\USERS\MUKHRIDZ\DESKTOP\MICRO PROJECT\CODE.ASM 8 : Found label after column 1. (pinMode)
Error[108]   C:\USERS\MUKHRIDZ\DESKTOP\MICRO PROJECT\CODE.ASM 8 : Illegal character (()
Warning[207] C:\USERS\MUKHRIDZ\DESKTOP\MICRO PROJECT\CODE.ASM 9 : Found label after column 1. (pinMode)
Error[108]   C:\USERS\MUKHRIDZ\DESKTOP\MICRO PROJECT\CODE.ASM 9 : Illegal character (()
Warning[207] C:\USERS\MUKHRIDZ\DESKTOP\MICRO PROJECT\CODE.ASM 10 : Found label after column 1. (pinMode)
Error[108]   C:\USERS\MUKHRIDZ\DESKTOP\MICRO PROJECT\CODE.ASM 10 : Illegal character (()
Warning[207] C:\USERS\MUKHRIDZ\DESKTOP\MICRO PROJECT\CODE.ASM 11 : Found label after column 1. (pinMode)
Error[108]   C:\USERS\MUKHRIDZ\DESKTOP\MICRO PROJECT\CODE.ASM 11 : Illegal character (()
Warning[207] C:\USERS\MUKHRIDZ\DESKTOP\MICRO PROJECT\CODE.ASM 12 : Found label after column 1. (pinMode)
Error[108]   C:\USERS\MUKHRIDZ\DESKTOP\MICRO PROJECT\CODE.ASM 12 : Illegal character (()
Warning[207] C:\USERS\MUKHRIDZ\DESKTOP\MICRO PROJECT\CODE.ASM 13 : Found label after column 1. (pinMode)
Error[108]   C:\USERS\MUKHRIDZ\DESKTOP\MICRO PROJECT\CODE.ASM 13 : Illegal character (()
Warning[207] C:\USERS\MUKHRIDZ\DESKTOP\MICRO PROJECT\CODE.ASM 14 : Found label after column 1. (pinMode)
Error[108]   C:\USERS\MUKHRIDZ\DESKTOP\MICRO PROJECT\CODE.ASM 14 : Illegal character (()
Warning[207] C:\USERS\MUKHRIDZ\DESKTOP\MICRO PROJECT\CODE.ASM 15 : Found label after column 1. (pinMode)
Error[108]   C:\USERS\MUKHRIDZ\DESKTOP\MICRO PROJECT\CODE.ASM 15 : Illegal character (()
Warning[207] C:\USERS\MUKHRIDZ\DESKTOP\MICRO PROJECT\CODE.ASM 16 : Found label after column 1. (pinMode)
Error[108]   C:\USERS\MUKHRIDZ\DESKTOP\MICRO PROJECT\CODE.ASM 16 : Illegal character (()
Warning[207] C:\USERS\MUKHRIDZ\DESKTOP\MICRO PROJECT\CODE.ASM 17 : Found label after column 1. (pinMode)
Error[108]   C:\USERS\MUKHRIDZ\DESKTOP\MICRO PROJECT\CODE.ASM 17 : Illegal character (()
Warning[207] C:\USERS\MUKHRIDZ\DESKTOP\MICRO PROJECT\CODE.ASM 18 : Found label after column 1. (randomSeed)
Error[108]   C:\USERS\MUKHRIDZ\DESKTOP\MICRO PROJECT\CODE.ASM 18 : Illegal character (()
Error[108]   C:\USERS\MUKHRIDZ\DESKTOP\MICRO PROJECT\CODE.ASM 19 : Illegal character (})
Error[122]   C:\USERS\MUKHRIDZ\DESKTOP\MICRO PROJECT\CODE.ASM 20 : Illegal opcode (loop)
Error[108]   C:\USERS\MUKHRIDZ\DESKTOP\MICRO PROJECT\CODE.ASM 21 : Illegal character ({)
Warning[207] C:\USERS\MUKHRIDZ\DESKTOP\MICRO PROJECT\CODE.ASM 22 : Found label after column 1. (buttonState)
Error[113]   C:\USERS\MUKHRIDZ\DESKTOP\MICRO PROJECT\CODE.ASM 22 : Symbol not previously defined (digitalRead)
Error[112]   C:\USERS\MUKHRIDZ\DESKTOP\MICRO PROJECT\CODE.ASM 22 : Missing operator
Error[128]   C:\USERS\MUKHRIDZ\DESKTOP\MICRO PROJECT\CODE.ASM 23 : Missing argument(s)
Error[108]   C:\USERS\MUKHRIDZ\DESKTOP\MICRO PROJECT\CODE.ASM 23 : Illegal character ({)
